
events.js:72
        throw er; // Unhandled 'error' event
              ^
Error: listen EADDRINUSE
    at errnoException (net.js:905:11)
    at Server._listen2 (net.js:1043:14)
    at listen (net.js:1065:10)
    at Server.listen (net.js:1139:5)
    at Server.start (/root/signalk-server-node/lib/index.js:102:15)
    at Object.<anonymous> (/root/signalk-server-node/bin/signalk-server:22:8)
    at Module._compile (module.js:456:26)
    at Object.Module._extensions..js (module.js:474:10)
    at Module.load (module.js:356:32)
    at Function.Module._load (module.js:312:12)

events.js:72
        throw er; // Unhandled 'error' event
              ^
Error: listen EADDRINUSE
    at errnoException (net.js:905:11)
    at Server._listen2 (net.js:1043:14)
    at listen (net.js:1065:10)
    at Server.listen (net.js:1139:5)
    at Server.start (/root/signalk-server-node/lib/index.js:102:15)
    at Object.<anonymous> (/root/signalk-server-node/bin/signalk-server:22:8)
    at Module._compile (module.js:456:26)
    at Object.Module._extensions..js (module.js:474:10)
    at Module.load (module.js:356:32)
    at Function.Module._load (module.js:312:12)
