0 info it worked if it ends with ok
1 verbose cli [ '/usr/bin/node', '/usr/bin/npm', 'install', '-g', 'wscat' ]
2 info using npm@1.4.28
3 info using node@v0.10.40
4 verbose node symlink /usr/bin/node
5 verbose cache add [ 'wscat', null ]
6 verbose cache add name=undefined spec="wscat" args=["wscat",null]
7 verbose parsed url { protocol: null,
7 verbose parsed url   slashes: null,
7 verbose parsed url   auth: null,
7 verbose parsed url   host: null,
7 verbose parsed url   port: null,
7 verbose parsed url   hostname: null,
7 verbose parsed url   hash: null,
7 verbose parsed url   search: null,
7 verbose parsed url   query: null,
7 verbose parsed url   pathname: 'wscat',
7 verbose parsed url   path: 'wscat',
7 verbose parsed url   href: 'wscat' }
8 silly lockFile 5e8e4f6f-wscat wscat
9 verbose lock wscat /home/mauro/.npm/5e8e4f6f-wscat.lock
10 silly lockFile 5e8e4f6f-wscat wscat
11 silly lockFile 5e8e4f6f-wscat wscat
12 verbose addNamed [ 'wscat', '' ]
13 verbose addNamed [ null, '*' ]
14 silly lockFile ae1260ff-wscat wscat@
15 verbose lock wscat@ /home/mauro/.npm/ae1260ff-wscat.lock
16 silly addNameRange { name: 'wscat', range: '*', hasData: false }
17 verbose request where is /wscat
18 verbose request registry https://registry.npmjs.org/
19 verbose request id 420fa777b7579b0d
20 verbose url raw /wscat
21 verbose url resolving [ 'https://registry.npmjs.org/', './wscat' ]
22 verbose url resolved https://registry.npmjs.org/wscat
23 verbose request where is https://registry.npmjs.org/wscat
24 info trying registry request attempt 1 at 14:04:37
25 http GET https://registry.npmjs.org/wscat
26 http 200 https://registry.npmjs.org/wscat
27 silly registry.get cb [ 200,
27 silly registry.get   { server: 'CouchDB/1.5.0 (Erlang OTP/R16B03)',
27 silly registry.get     etag: '"3KWRGXG9QLUVAJYGOM8FGDRO5"',
27 silly registry.get     'content-type': 'application/json',
27 silly registry.get     'cache-control': 'max-age=60',
27 silly registry.get     'content-length': '3114',
27 silly registry.get     'accept-ranges': 'bytes',
27 silly registry.get     date: 'Wed, 07 Oct 2015 21:04:38 GMT',
27 silly registry.get     via: '1.1 varnish',
27 silly registry.get     age: '0',
27 silly registry.get     connection: 'keep-alive',
27 silly registry.get     'x-served-by': 'cache-sjc3125-SJC',
27 silly registry.get     'x-cache': 'MISS',
27 silly registry.get     'x-cache-hits': '0',
27 silly registry.get     'x-timer': 'S1444251878.446051,VS0,VE93',
27 silly registry.get     vary: 'Accept' } ]
28 silly addNameRange number 2 { name: 'wscat', range: '*', hasData: true }
29 silly addNameRange versions [ 'wscat', [ '1.0.0', '1.0.1' ] ]
30 verbose addNamed [ 'wscat', '1.0.1' ]
31 verbose addNamed [ '1.0.1', '1.0.1' ]
32 silly lockFile 1e18000f-wscat-1-0-1 wscat@1.0.1
33 verbose lock wscat@1.0.1 /home/mauro/.npm/1e18000f-wscat-1-0-1.lock
34 silly lockFile 9e85fb01--npmjs-org-wscat-wscat-1-0-1-tgz https://registry.npmjs.org/wscat/-/wscat-1.0.1.tgz
35 verbose lock https://registry.npmjs.org/wscat/-/wscat-1.0.1.tgz /home/mauro/.npm/9e85fb01--npmjs-org-wscat-wscat-1-0-1-tgz.lock
36 verbose addRemoteTarball [ 'https://registry.npmjs.org/wscat/-/wscat-1.0.1.tgz',
36 verbose addRemoteTarball   '542b47c1c27334c64ececef9c2db02faf6212964' ]
37 info retry fetch attempt 1 at 14:04:38
38 verbose fetch to= /tmp/npm-30761-X4c6N9vm/registry.npmjs.org/wscat/-/wscat-1.0.1.tgz
39 http GET https://registry.npmjs.org/wscat/-/wscat-1.0.1.tgz
40 http 200 https://registry.npmjs.org/wscat/-/wscat-1.0.1.tgz
41 silly lockFile 9e85fb01--npmjs-org-wscat-wscat-1-0-1-tgz https://registry.npmjs.org/wscat/-/wscat-1.0.1.tgz
42 silly lockFile 9e85fb01--npmjs-org-wscat-wscat-1-0-1-tgz https://registry.npmjs.org/wscat/-/wscat-1.0.1.tgz
43 silly lockFile 1e18000f-wscat-1-0-1 wscat@1.0.1
44 silly lockFile 1e18000f-wscat-1-0-1 wscat@1.0.1
45 silly lockFile ae1260ff-wscat wscat@
46 silly lockFile ae1260ff-wscat wscat@
47 silly resolved [ { name: 'wscat',
47 silly resolved     version: '1.0.1',
47 silly resolved     description: 'WebSocket cat',
47 silly resolved     main: 'index.js',
47 silly resolved     scripts: { test: 'echo "Error: no test specified" && exit 1' },
47 silly resolved     repository:
47 silly resolved      { type: 'git',
47 silly resolved        url: 'git+https://github.com/websockets/wscat.git' },
47 silly resolved     keywords: [ 'wscat', 'websocket', 'cat' ],
47 silly resolved     author: { name: 'Arnout Kazemier, Einar Otto Stangvik' },
47 silly resolved     license: 'MIT',
47 silly resolved     dependencies: { commander: '2.8.x', tinycolor: '0.0.x', ws: '0.8.x' },
47 silly resolved     bin: { wscat: './bin/wscat' },
47 silly resolved     gitHead: '2a66bd6eebde1b7e6b6803e05fe6e0edc2bb1432',
47 silly resolved     bugs: { url: 'https://github.com/websockets/wscat/issues' },
47 silly resolved     homepage: 'https://github.com/websockets/wscat#readme',
47 silly resolved     _id: 'wscat@1.0.1',
47 silly resolved     _shasum: '542b47c1c27334c64ececef9c2db02faf6212964',
47 silly resolved     _from: 'wscat@',
47 silly resolved     _npmVersion: '2.9.1',
47 silly resolved     _nodeVersion: '0.12.3',
47 silly resolved     _npmUser: { name: '3rdeden', email: 'npm@3rd-Eden.com' },
47 silly resolved     maintainers: [ [Object], [Object], [Object] ],
47 silly resolved     dist:
47 silly resolved      { shasum: '542b47c1c27334c64ececef9c2db02faf6212964',
47 silly resolved        tarball: 'http://registry.npmjs.org/wscat/-/wscat-1.0.1.tgz' },
47 silly resolved     directories: {},
47 silly resolved     _resolved: 'https://registry.npmjs.org/wscat/-/wscat-1.0.1.tgz' } ]
48 info install wscat@1.0.1 into /usr/lib
49 info installOne wscat@1.0.1
50 verbose lib/node_modules/wscat unbuild
51 verbose tar unpack /home/mauro/.npm/wscat/1.0.1/package.tgz
52 silly lockFile 8481dba9-tar-usr-lib-node-modules-wscat tar:///usr/lib/node_modules/wscat
53 verbose lock tar:///usr/lib/node_modules/wscat /home/mauro/.npm/8481dba9-tar-usr-lib-node-modules-wscat.lock
54 silly lockFile 6ef85ba8-auro-npm-wscat-1-0-1-package-tgz tar:///home/mauro/.npm/wscat/1.0.1/package.tgz
55 verbose lock tar:///home/mauro/.npm/wscat/1.0.1/package.tgz /home/mauro/.npm/6ef85ba8-auro-npm-wscat-1-0-1-package-tgz.lock
56 silly gunzTarPerm modes [ '775', '664' ]
57 error Error: EACCES, mkdir '/usr/lib/node_modules/wscat'
57 error  { [Error: EACCES, mkdir '/usr/lib/node_modules/wscat']
57 error   errno: 3,
57 error   code: 'EACCES',
57 error   path: '/usr/lib/node_modules/wscat',
57 error   fstream_type: 'Directory',
57 error   fstream_path: '/usr/lib/node_modules/wscat',
57 error   fstream_class: 'DirWriter',
57 error   fstream_stack:
57 error    [ '/usr/lib/node_modules/npm/node_modules/fstream/lib/dir-writer.js:36:23',
57 error      '/usr/lib/node_modules/npm/node_modules/mkdirp/index.js:46:53',
57 error      'Object.oncomplete (fs.js:108:15)' ] }
58 error Please try running this command again as root/Administrator.
59 error System Linux 3.13.0-63-generic
60 error command "/usr/bin/node" "/usr/bin/npm" "install" "-g" "wscat"
61 error cwd /home/mauro/signalk-server-node
62 error node -v v0.10.40
63 error npm -v 1.4.28
64 error path /usr/lib/node_modules/wscat
65 error fstream_path /usr/lib/node_modules/wscat
66 error fstream_type Directory
67 error fstream_class DirWriter
68 error code EACCES
69 error errno 3
70 error stack Error: EACCES, mkdir '/usr/lib/node_modules/wscat'
71 error fstream_stack /usr/lib/node_modules/npm/node_modules/fstream/lib/dir-writer.js:36:23
71 error fstream_stack /usr/lib/node_modules/npm/node_modules/mkdirp/index.js:46:53
71 error fstream_stack Object.oncomplete (fs.js:108:15)
72 verbose exit [ 3, true ]
