!AIVDM,2,2,4,A,88888888880,2*20
!AIVDM,1,1,,B,Dh3OwjQMdnfq<QF9I=9F9I=iF9H,2*61
!AIVDM,1,1,,B,177nQo?P00`:TWN<hk8N4?vB2>`<,0*1A
!AIVDM,1,1,,B,14eGmkgP00G<6;<L6sppUwvD2>`<,0*30
!AIVDM,1,1,,B,13`mtC@P000OcUpNPiRrhwvD2>`<,0*1E
!AIVDM,2,1,3,B,53P<Fsl2Be?G8D53>21=E8F1<P4l4j222222220`2P6556Vm05Q1C1VRBS888888,0*5A
!AIVDM,2,2,3,B,8888880,2*24
!AIVDM,1,1,,A,139q5>00000G3>pNBS28a:6D0>`<,0*43
!AIVDM,2,1,3,A,5815BfP2?fcQKLecN204AH4q@4LF0598uN22221@J@`,0*5D
!AIVDM,2,2,3,A,IC6Uo0LT0EC4hSlSp88888888880,2*7F
!AIVDM,1,1,,B,B3aLmrP0005k9QWQsR=IowTUkP06,0*47
!AIVDM,2,1,3,B,53puqR029m2U<pLP00084i@T<40000000000000N1HN816VTN<1i6CR@@000,0*54
!AIVDM,2,2,3,B,00000000008,2*2C
!AIVDM,1,1,,A,Dh3OwjPflnfpiEF9HiuF9HjUF9H,2*73
!AIVDM,2,1,7,B,58K3Tb02:c980<l1<00<hD4q<D5>0ltd5840001I60@284c`N54jCQhD3lQH,0*58
!AIVDM,2,2,7,B,0AD0@000000,2*55
!AIVDM,2,1,8,A,53bCnH0000010<MN220LDlTpV2Q0ThuA>V22220j1P9426il0342C3m80ShDQ2CQ,0*2E
!AIVDM,2,2,8,A,p0DQ@H0DnOsNo,0*44
!AIVDM,1,1,,A,33clw;50007KEBP0f>Sd>aj>0>`<,0*4D
!AIVDM,1,1,,B,B52K>sP006R:4BSjuovSswU5WP06,0*7D
!AIVDM,1,1,,B,8h3OwjQK`0440@0,2*1C
!AIVDM,1,1,,B,15NC120P00G<tvNKi738RgvD0>`<,0*33
!AIVDM,1,1,,A,83aJGePj2d<d<>=ef@L8EhOUI000,0*56
!AIVDM,1,1,,B,B6:cV2P002;1G04LCMh03wtTSP00,0*3A
!AIVDM,1,1,,B,Dh3OwjPflnfpMaF9HNAF9HNqF9H,2*63
!AIVDM,2,1,5,A,53aIj;T000010;C3?P0Ptte<TDh000000000000U2`533t0Ht0PCDm1DQ0CH,0*00
!AIVDM,2,2,5,A,00000000008,2*29
!AIVDM,1,1,,A,33oh`>5000PJ=DfQh2Ge7nJD2>`<,0*51
!AIVDM,1,1,,A,33GRASUP00P0nGvLDS`0SgvB2>`<,0*40
!AIVDM,1,1,,A,13aFf1OP1HPEBcLMaKq`SgvB2>`<,0*6C
!AIVDM,1,1,,B,13eMkF00000PJ3BHsG5jcIvD0>`<,0*10
!AIVDM,1,1,,B,13ci@q?P000e0elI?9mttwvB0>`<,0*2C
!AIVDM,1,1,,B,16kr8N0P028VISN<s0BBuwvD0>`<,0*08
!AIVDM,1,1,,A,14R<Lf001c07;2RM@JOpuo<<0>`<,0*59
!AIVDM,1,1,,A,EvjC9J082a4aUPV0000000000000:RFB>e3oh00003S010,4*74
!AIVDM,1,1,,A,33bsi41002OwcB6LDEPl:0DD0>`<,0*6F
!AIVDM,1,1,,A,16K2NIP000awgG2DI1K;CVFD2>`<,0*30
!AIVDM,1,1,,B,23aEN>mP01PE=nvMa7aQv?vB2>`<,0*7A
!AIVDM,2,1,1,A,59NS>KD2?`rd7Q<7N20q>058=@T>22222222221IIHg>NJT=0OEjC21C3Dj0,0*38
!AIVDM,2,2,1,A,EQC`8888880,2*12
!AIVDM,1,1,,B,133iuv700aPAlvRMdPjIH7V>0>`<,0*6E
!AIVDM,1,1,,B,83aJGePj2d<d<>=ef@L8EhOUI000,0*55
!AIVDM,1,1,,A,Dh30ot2<Tnfqr9F9IriF9IsIF9H,2*6E
!AIVDM,1,1,,A,16:3ju0PA?8lshjEfGo0s1PD2>`<,0*31
!AIVDM,1,1,,B,Dh3OwjR<TnfqsIF9It1F9ItaF9H,2*74
!AIVDM,1,1,,A,83aGDa@j2d<dtdtueQcPggrh<QL0,0*17
!AIVDM,1,1,,1,14hBw>0000P`mUlIJCIiSrd<0>`<,0*1F
!AIVDM,2,1,7,A,85MwpE1Kf=B<D=gUd6Lmeim0rcELUI19bhw7L4l5rwa,0*25
!AIVDM,2,2,7,A,oR<huVsEb,0*0F
!AIVDM,1,1,,A,13aGF=hP00PCNuFMH;?cogvD2>`<,0*27
!AIVDM,1,1,,A,13aEO=0P00PAOlBMGcKP0?vD2>`<,0*7D
!AIVDM,1,1,,B,Dh3OwjQMdnfq<QF9I=9F9I=iF9H,2*61
!AIVDM,1,1,,B,B6:V540002;?CLTO8wLwOwTW1P06,0*06
!AIVDM,1,1,,B,33K9p@50008a<LBBC;fl=r0D0>`<,0*50
!AIVDM,1,1,,B,H6:WgM1MDQE<QDpHDpN3WWL0001,2*27
!AIVDM,1,1,,A,B6:j0Th002;J32TOMOUPswT3QP06,0*34
!AIVDM,1,1,,A,83aGDa@j2d<dtdtueQcPggrh<QL0,0*17
!AIVDM,1,1,,A,Dh3OwjPflnfpiEF9HiuF9HjUF9H,2*73
!AIVDM,1,1,,A,E02E3:A`60b37a6h47a4e7W@8LnP8Swp?2@uP00003v00=P,2*24
!AIVDM,1,1,,A,139cD`PP010VpwrNVp?6:?v>P>`<,0*56
!AIVDM,1,1,,B,144iSE0P002:G6TRAD0<nOvD2>`<,0*3E
!AIVDM,1,1,,B,404757QuvVj199wdL8D;;Co00D5=,0*3C
!AIVDM,1,1,,A,15NJ<BgP00J=fk<BDU08`OvB0>`<,0*3B
!AIVDM,1,1,,B,23aIk20P04PA@OpMAQUENOv<R>`<,0*69
!AIVDM,1,1,,B,4020sBiuvVj1:PdAo>Nao@700L00,0*10
!AIVDM,1,1,,B,13e;PB0000wvsb>NeIe<Wb6B0>`<,0*6D
!AIVDM,1,1,,2,33aFf>PP00PE<?rMp<i00?vD2>`<,0*7B
!AIVDM,2,1,0,A,ENk`ssD9PW@5:PW@973h9@6:@@@=`a=L5As4p00003v,0*4C
!AIVDM,2,2,0,A,P000,2*74
!AIVDM,1,1,,A,A0475rQ?6<`Rp2Jp0e<P0wh2uDtKw@oo5000,0*25
!AIVDM,1,1,,A,14`a0`0018rgKG8IvtqIj7lF0>`<,0*0C
!AIVDM,2,1,6,A,53B@3P42>>7PuI5O800HT<58T61<D5L5U<00001?B9D=<6UVNARCCKDU3KBC,0*33
!AIVDM,2,2,6,A,C@000000000,2*21
!AIVDM,1,1,,B,14RPMv000E0D;S@Md0VU`4P>0>`<,0*42
!AIVDM,1,1,,B,E>kb9O9aS7Q1@:7cRa@2h@@@@@@;WrfP:l?M`00003vP100,2*30
!AIVDM,2,1,5,B,55E9WT42?b7G<E`KN20pEN0hDLDpB10D58j22216CHIF66V=0@UDp3hBp888,0*3C
!AIVDM,2,2,5,B,88888888880,2*22
!AIVDM,1,1,,B,33cGVD001IwBwrfFA`UN2;>B2>`<,0*64
!AIVDM,2,1,3,A,533oq>T00000uC?SS20<tl8Tl4>220000000001S2`:33w0P00PCU5iDT1CP,0*47
!AIVDM,2,2,3,A,00000000008,2*2F
!AIVDM,1,1,,B,133dUIPP00PChS:MGC=h0?vBR>`<,0*69
!AIVDM,1,1,,A,33`ekbhP000Ck4TMFc100?v>0>`<,0*16
!AIVDM,1,1,,A,133dfs@P0tPDS?:MDNGCmwvD2>`<,0*4B
!AIVDM,1,1,,B,402E3MQuvVj19PCgs2Md@WG00H5q,0*0E
!AIVDM,2,1,9,B,55N0i@P00001L4gG?OE<4pAV0N2222222222220O1@:2440005ll5A11A80P,0*3B
!AIVDM,2,2,9,B,DQiDp:<rH80,2*62
!AIVDM,2,1,5,B,55RqwD02@4rG<D9WB20Hu9ADp5@u>22222222216:8D5<6U90;SSmSlSlljD,0*5D
!AIVDM,2,2,5,B,jp888888880,2*38
!AIVDM,2,1,8,A,55N0i@P00001L4gG?OE<4pAV0N2222222222220O1@:2440005ll5A11A80P,0*39
!AIVDM,2,2,8,A,DQiDp:<rH80,2*60
!AIVDM,2,1,8,A,55N0i@P00001L4gG?OE<4pAV0N2222222222220O1@:2440005ll5A11A80P,0*39
!AIVDM,2,2,8,A,DQiDp:<rH80,2*60
!AIVDM,1,1,,B,B4aS=`0002OqG154MQ5OowTWQP06,0*0D
!AIVDM,1,1,,B,B3u=B3000031;AUb?Cw2cwTUkP06,0*33
!AIVDM,2,1,6,B,53aJJG4000010;?3S80e37P0000000000000001S0H721t0Ht0@000000000,0*7E
!AIVDM,2,2,6,B,00000000208,2*2B
!AIVDM,1,1,,B,B6K8Deh00:P:qA56bF8agwTUkP06,0*59
!AIVDM,2,1,9,B,55N0i@P00001L4gG?OE<4pAV0N2222222222220O1@:2440005ll5A11A80P,0*3B
!AIVDM,2,2,9,B,DQiDp:<rH80,2*62
!AIVDM,1,1,,A,839hJ90j2d<dttd==QcPt?b`4eL0,0*39
!AIVDM,1,1,,B,15NSpa5007r<do`BGLD5:o0D0>`<,0*41
!AIVDM,1,1,,B,B6:klO@0021kvsSCHmnGmq43QP06,0*0E
!AIVDM,1,1,,B,B6:V:0h002;0uF4O9aQAkwTTkP06,0*47
!AIVDM,1,1,,A,16:Qu4P0008SIuDFm=0P0;2B0>`<,0*27
!AIVDM,1,1,,B,B6:VV`q80::u`c4Nue403wTfCP06,0*09
!AIVDM,2,1,8,B,Evkb9PI3a0dah419@0`8@3T@@@@;S`er=J8;H00003v,0*5E
!AIVDM,2,2,8,B,P000,2*7F
!AIVDM,1,1,,A,18156D01@07K:CH0e4i556FD0>`<,0*0B
!AIVDM,2,1,2,A,53ci?f02>b`hT<I2220@TltpTu>222222222220u2B`D66W5N?hhAk2@DRH88888,0*5A
!AIVDM,2,2,2,A,8888881,2*27
!AIVDM,2,1,6,A,54V?r<02:CLl?IHwT00d44lT00000000000000169h<3:6``0=SCp2H4,0*59
!AIVDM,2,2,6,A,PCP@00000000000,2*21
!AIVDM,2,1,8,A,53B@3P42>>7PuI5O800HT<58T61<D5L5U<00001?B9D=<6UVNARCCKDU3KBC,0*3D
!AIVDM,2,2,8,A,C@000000000,2*2F
!AIVDM,1,1,,B,83aIj;Pj2P00000000P`JSW@3h00,0*6A
!AIVDM,1,1,,B,4020r5AuvVj1:PNQUlNb76W00861,0*22
!AIVDM,1,1,,A,17PH1<0P009GFH3pnw3P0?vD2>`<,0*71
!AIVDM,1,1,,B,402M43AuvVj190frsPTBHl7006@4,0*6F
!AIVDM,1,1,,B,16:=kU0P1R`Vk4rBBeuRGgvB2>`<,0*05
!AIVDM,1,1,,B,403t>D1uvVj19`WpFhArhHG00<1;,0*11
!AIVDM,1,1,,A,B6:hq`?`0::GOhTRpG803wT>kP06,0*34
!AIVDM,1,1,,A,13aB;5gP00PFStDMpJ?N4?vB2>`<,0*22
!AIVDM,1,1,,A,B4eH@KP005j8KtW5PI003wTUkP06,0*7D
!AIVDM,1,1,,A,Dh3OwjR<Tnfp2MF9H35F9H3eF9H,2*33
!AIVDM,2,1,8,A,53aIj;T000010;C3?P0Ptte<TDh000000000000U2`533t0Ht0PCDm1DQ0CH,0*0D
!AIVDM,2,2,8,A,00000000008,2*24
!AIVDM,1,1,,A,8h3OdJQKT001;EkPD2`5<MRjnL>t00,4*18
!AIVDM,1,1,,B,839hJ90j2d<dttd==QcPt?b`4eL0,0*3A
!AIVDM,1,1,,B,H3aN`OhA8D4l<5@<PE800000000,2*09
!AIVDM,1,1,,B,Dh3OwjR<TnfqsIF9It1F9ItaF9H,2*74
!AIVDM,1,1,,A,Evja5D@`4V7b?Q:Wdg`00000000@c`<0<31PP00003R010,4*3D
!AIVDM,1,1,,A,13aGraPP?w<tSF0l4Q@>4?wvP>`<,0*7B
!AIVDM,1,1,,A,15?aHV001tOAiqNF8RrFhEHB0>`<,0*12
!AIVDM,2,1,0,B,542O8Dh2@6Kq@<lKN21<E9HEB04p622222222216000002U80?3RBkk0AE`8,0*41
!AIVDM,2,2,0,B,88888888880,2*27
!AIVDM,1,1,,B,13uASwP0000nl2NQ1f=c8Qt@0>`<,0*4E
!AIVDM,1,1,,A,17tKdB@000W@8hp1eA50<6VB0>`<,0*22
!AIVDM,1,1,,B,139lq8P8PG0PloVO`c3RwB8F0>`<,0*45
!AIVDM,1,1,,B,402`m01uvVj181c418QsIqh00l0u,0*1D
!AIVDM,2,1,3,A,54V?r<02:CLl?IHwT00d44lT00000000000000169h<3:6``0=SCp2H4PCP@0000,0*5F
!AIVDM,2,2,3,A,0000000,2*27
!AIVDM,1,1,,B,13ps3F00001DCR0OFeIjtnpF0>`<,0*34
!AIVDM,1,1,,A,18Hst70P01WL4mL0gedN4?vDR>`<,0*29
!AIVDM,1,1,,A,Dh3OwjQMdnfqP=F9IPmF9IQMF9H,2*13
!AIVDM,1,1,,B,35NGlEU001G?eS4E`D@4T1fEP>`<,0*7C
!AIVDM,1,1,,A,23aDq50P05PE@q8Ma:Dd1Ov>2>`<,0*6F
!AIVDM,1,1,,B,13cSrV00000q@ElEh5tbN6FD0>`<,0*3D
!AIVDM,1,1,,B,13aGsNPP1;PDe7<Md`pTFgvBR>`<,0*04
!AIVDM,1,1,,A,B6:j1jP002:Alp4Tgf003wu4SP00,0*3B
!AIVDM,1,1,,B,16:V91@k00`eOaLAts2deOwb4>`<,0*73
!AIVDM,1,1,,B,16:9u60P2?8jdP0CidC=w00:0>`<,0*76
!AIVDM,1,1,,B,4h4<hJQuvVj1996c50CNfc100000,0*55
!AIVDM,1,1,,A,169ALi?P?w<tSF0l4Q@>4?wv0>`<,0*19
!AIVDM,1,1,,B,17cts:0P008hMi2E6RQJV?vD2>`<,0*6A
!AIVDM,1,1,,B,H69>F@TN6DeijihnljmmPP2P:220,0*55
!AIVDM,1,1,,B,B7PGS7000:EgNIv=lQvIcwU5WP06,0*30
!AIVDM,1,1,,B,Dh3OwjQMdnfq<QF9I=9F9I=iF9H,2*61
!AIVDM,1,1,,A,15Mj2u0P@co@8;4KKwC<1qhD0>`<,0*2F
!AIVDM,1,1,,B,1815<g001k`2c4StjJICLjl>0>`<,0*07
!AIVDM,1,1,,B,B43PsO0008TTNfVef@<03wU5oP06,0*28
!AIVDM,2,1,8,B,53mHeT02?Echh5L7N20I8ET`61HTdTpN222222161pr886V0N:h@QDQ1AC`8,0*17
!AIVDM,2,2,8,B,88888888880,2*2F
!AIVDM,2,1,6,A,54QsG4GKEVa1K8u:001`EE>000000000000000009@?756W@09DnPnQ@,0*06
!AIVDM,2,2,6,A,jC`888000000000,2*53
!AIVDM,1,1,,A,13GR14UP0nPVI>dL:4fnpgvD2>`<,0*45
!AIVDM,2,1,8,A,ENjOWsjRprHH@4aWV0h1P`90TPP0FR34<DBT@10888N,0*47
!AIVDM,2,2,8,A,000,4*2A
!AIVDM,1,1,,B,133r>mPP000BOkVMeeSP0?vB0>`<,0*12
!AIVDM,1,1,,A,16:A240P02`dJFRBJJ6QqwvB2>`<,0*23
!AIVDM,1,1,,B,13ih6n3P@9R88vbRCmFH8nLD0>`<,0*5C
!AIVDM,1,1,,B,Dh3OwjPflnfpMaF9HNAF9HNqF9H,2*63
!AIVDM,1,1,,B,E>m1c1>9TV`9WW@97QUP0000000F@lEpmdceP00003U01:,4*7F
!AIVDM,1,1,,A,144j;cPP002du7LIV4k45?vD0>`<,0*63
!AIVDM,1,1,,B,13Jim<000PRdObFIQ3QiQ1pF0>`<,0*7F
!AIVDM,1,1,,A,6>j`<tGdb2vpup401@<030400@00001utc14QGJWAMvvE4400<Q20000000,2*6B
!AIVDM,1,1,,A,B3P:ar00000H5`7A332a?wU5kP06,0*33
!AIVDM,1,1,,B,4h2OrHQuvVj1:1E<JlHA591020S:,0*5A
!AIVDM,1,1,,A,B6K2@ih00:Jq8PTum<wJ7wTUoP06,0*36
!AIVDM,1,1,,A,16KJd;h000acG;JCk2<<IiLF0>`<,0*71
!AIVDM,1,1,,B,A04757QAv0agH2Jd17<`7wtwvQtGwHCp21ow6O`r,0*20
!AIVDM,1,1,,A,B6K2Pd000JJjA54udF9uSwU5WP06,0*5B
!AIVDM,1,1,,A,ENkb9HI9S@0`897PQT@6;Q@9S@@;W;KG:k><h00003vP000,2*74
!AIVDM,1,1,,B,132g`v?P01v:OU`EUuW;kwvD2>`<,0*4B
!AIVDM,1,1,,B,A04757QAv0agH2Jd17<`7wtwvQtGwHCp21ow6O`r,0*20
!AIVDM,1,1,,A,14i76H0u@00ClAHN3ONTW0fB0>`<,0*19
!AIVDM,1,1,,B,A04757QAv0agH2Jd17<`7wtwvQtGwHCp21ow6O`r,0*20
!AIVDM,1,1,,B,16:D17gP0187Ct>==g=P0?vB0>`<,0*09
!AIVDM,1,1,,B,38159;E000`7NLJ==HWf2CfD0>`<,0*3A
!AIVDM,1,1,,B,8h3OwjQKP@6VhED9e2B94oCPH54M`33wsHwwjc8=dP0,2*68
!AIVDM,1,1,,B,133W2h30000=Kd>MCw0rf3pD0>`<,0*0E
!AIVDM,1,1,,A,16:V<SIk00`aKBNB@mTtlwwb4>`<,0*51
!AIVDM,1,1,,B,A04757QAv0agH2Jd17<`7wtwvQtGwHCp21ow6O`r,0*20
!AIVDM,1,1,,A,15BjcJ001d0<B2@MIdV6O4jB0>`<,0*4B
!AIVDM,1,1,,A,Dh3OwjR<Tnfp2MF9H35F9H3eF9H,2*33
!AIVDM,1,1,,A,33AkCb50000=Jb>MD31K5I`>0>`<,0*03
!AIVDM,1,1,,B,39NWtCU000PCs2lMEck8L9V>0>`<,0*2D
!AIVDM,1,1,,A,14SH4T00280mBPJPhh6>1P4D2>`<,0*4E
!AIVDM,1,1,,B,139boEP000PW8IpNacP;Mmp@2>`<,0*57
!AIVDM,1,1,,A,23P:HbmP0001ddVMKwcK8wvF2>`<,0*7B
!AIVDM,1,1,,A,33cBm`50000DNW6Mdikb@ArEP>`<,0*19
!AIVDM,1,1,,B,Dh3OwjR<TnfqsIF9It1F9ItaF9H,2*74
!AIVDM,2,1,4,A,53L?SlP27wp`ta0B2218uPDr222222222222220N3h8535v>`:50C32CS`88,0*1F
!AIVDM,2,2,4,A,88888888880,2*20
!AIVDM,1,1,,A,8h3OwjQKP@6VgIPPP121IoCol54cd2awrbwwjB7qTP0,2*3D
!AIVDM,1,1,,A,3772Ts01QtQqwglRDrh3dC2B0>`<,0*42
!AIVDM,1,1,,B,140UtI0P000CR74MFesh9?vBP>`<,0*4F
!AIVDM,1,1,,B,833l8wPj2P00000000UPf?`50000,0*6F
!AIVDM,1,1,,A,333u=nPP00PD3ITME2CFLOv62>`<,0*25
!AIVDM,1,1,,B,B340V@P01850A9WE?5ilcwU5oP06,0*02
!AIVDM,1,1,,A,133rO?PP000D67nMDmBIKwvF2>`<,0*3D
!AIVDM,2,1,5,B,57P>Ol02@;UmHqOK3S<mJ0luDqB0Hhu84p<F220l1p<566ifN=T3lU82,0*5A
!AIVDM,2,2,5,B,1A30CQ888888880,2*43
!AIVDM,1,1,,A,D>j`;iQoD@fp00@01op@00A<hfp,2*37
!AIVDM,1,1,,A,13aGuggP0wPC`ojMd6wqtOvB2>`<,0*50
!AIVDM,1,1,,B,Dh3OwjQMdnfq<QF9I=9F9I=iF9H,2*61
!AIVDM,1,1,,A,Dh3OwjQMdnfqP=F9IPmF9IQMF9H,2*13
!AIVDM,2,1,6,A,53cInn42B@Vm0<pF220mA>1H4q@4LF222222220l0pD3654RC710CD2A,0*55
!AIVDM,2,2,6,A,D`8888888888880,2*06
!AIVDM,1,1,,A,23`en:hP00PEEjRMaVJLJgvBR>`<,0*73
!AIVDM,1,1,,A,38KTBJ5000W?vEl1gDObD;<>0>`<,0*18
!AIVDM,1,1,,A,1EN1rq0P00G9N04JKq6bn?v@0>`<,0*6B
!AIVDM,1,1,,B,1H15>iP01VG=Ak8JH0@sNa:D2>`<,0*60
!AIVDM,1,1,,B,14`WPs001h8NGm=lW6D0o0lB0>`<,0*56
!AIVDM,1,1,,B,B6:`fP@0=R;0B`4Lb3ePgwT71P06,0*03
!AIVDM,1,1,,A,15SG:P001s8Hh1IoFl1=NbfD0>`<,0*6B
!AIVDM,1,1,,A,403OK@iuvVj1:rR1DHFCLa7026@4,0*4A
!AIVDM,2,1,7,A,544hf=000001D9ED00058d4@UV0lTp<PDqT40007<PC58vV506CEDTmC,0*08
!AIVDM,2,2,7,A,0@0000000000000,2*53
!AIVDM,1,1,,B,E33vcwQQ`7nRH0000000000000006ib>>gWg@00003v000,4*4A
!AIVDM,1,1,,B,169UF0`P1>`dUOTESHt2qBH@0>`<,0*3C
!AIVDM,1,1,,B,177SBB001gPkO2<PrsDU2StB0>`<,0*2E
!AIVDM,2,1,0,A,533in7T00000uC;SST0uPHu8@00000000000001?@p077vGn02UiDiC0000000,0*7C
!AIVDM,2,2,0,A,000000003,2*27
!AIVDM,1,1,,B,13aGsmwP1LPFw5fMs@GW1gvB2>`<,0*2B
!AIVDM,1,1,,B,13aJFkhP00PGAs:N7kM>4?vD2>`<,0*0E
!AIVDM,1,1,,B,Dh3OwjQMdnfq<QF9I=9F9I=iF9H,2*61
!AIVDM,1,1,,B,402FhNiuvVj1:0`q2`IK7so00H6<,0*36
!AIVDM,1,1,,B,A04757QAv0agH2Jd17<`7wtwvQtGwHCp21ow6O`r,0*20
!AIVDM,1,1,,B,15M?P6?P00r<lLDBFqrcngvD2>`<,0*7F
!AIVDM,1,1,,A,13LVJ8700VOROqVSOvDU>TfB2>`<,0*3D
!AIVDM,1,1,,B,403OKC1uvVj1:rpVHhGmku700D3d,0*34
!AIVDM,1,1,,B,402R3FAuvVj1:1C<8nQsRoA00D4<,0*4B
!AIVDM,1,1,,B,33P;o05000OrpfDM3t4Iw7hB2>`<,0*36
!AIVDM,1,1,,B,33L?`N001@QsT2jRSqj;J9<D0>`<,0*5F
!AIVDM,1,1,,B,13ae=f0P000BobvMgMm7l?vD0>`<,0*1F
!AIVDM,1,1,,B,83`lQC0j2d<dtMMue1hPp@O04e00,0*17
!AIVDM,1,1,,A,403OKFiuvVj1:r@lL8?=g970286;,0*78
!AIVDM,1,1,,B,ENkb9HI9S@0`897PQT@6;Q@9S@@;W;KG:k><h00003vP000,2*77
!AIVDM,1,1,,B,403OtUQuvVj1:oWD<`BdJe700@6:,0*4B
!AIVDM,1,1,,B,1776UT0001`:SU8<i3KdIk2D2>`<,0*0B
!AIVDM,2,1,1,B,ENk`ssD9PW@5:PW@973h9@6:@@@=`a=L5As4p00003v,0*4E
!AIVDM,2,2,1,B,P000,2*76
!AIVDM,1,1,,A,15RL@v00017?v?<1gVSp<;8F0>`<,0*7E
!AIVDM,1,1,,A,A028n?ku?8hah2H012tP0gqQ3APNvtH:Mrbb,0*4D
!AIVDM,1,1,,A,16:=FL0P008dTorAufP@JOvD0>`<,0*7E
!AIVDM,1,1,,A,H3psrA0QDeDl638000000000000,2*3A
!AIVDM,1,1,,B,Dh3OwjR<TnfqsIF9It1F9ItaF9H,2*74
!AIVDM,1,1,,A,Dh3OwjQMdnfqP=F9IPmF9IQMF9H,2*13
!AIVDM,1,1,,B,833l8wPj2P00000000UPf?`50000,0*6F
!AIVDM,1,1,,B,839hJ90j2d<dttd==QcPt?b`4eL0,0*3A
!AIVDM,1,1,,A,Dh3OwjPflnfpiEF9HiuF9HjUF9H,2*73
!AIVDM,1,1,,A,14hF=N0000JA2QH>shB00;<H0>`<,0*24
!AIVDM,1,1,,B,13aIjGPP10PV4EjL4UvomgvD2>`<,0*62
!AIVDM,1,1,,B,833l8wPj2P00000000UPf?`50000,0*6F
!AIVDM,1,1,,B,ENjV2bw0`bPQbV::a2hHP0000000=JQD@opJP1088;v010,4*7F
!AIVDM,1,1,,B,13aEOi0P00PA3OtM>Wfe<wvDP>`<,0*30
!AIVDM,2,1,3,B,53mGAH02:;P<hL<P000P`DhlDh4p@0000000000t5@b886S108j2S0CQ83QD,0*77
!AIVDM,2,2,3,B,mRBp3k@Sh00,2*3A
!AIVDM,1,1,,B,13GcUd0000OhW5`KCnq5AWFF0>`<,0*71
!AIVDM,1,1,,A,23aIgsjP00PE?>tM`k<h0?vD2>`<,0*3E
!AIVDM,1,1,,B,13RkAF?P001cm7REfAq@TwvD0>`<,0*3C
